<?xml version="1.0" encoding="utf-8"?>
<testsuites>
	<testsuite name="buildUiContext" time="0.006055" disabled="0" errors="0" tests="16" failures="0" skipped="0" hostname="MacBook-Pro-de-Seba-3.local">
		<testcase name="excludes system fields from visible entities" time="0.001434" classname="test"/>
		<testcase name="excludes discarded fields" time="0.000163" classname="test"/>
		<testcase name="includes searchable fields list" time="0.001661" classname="test"/>
		<testcase name="marks editable vs readOnly correctly" time="0.000141" classname="test"/>
		<testcase name="includes process actions" time="0.000084" classname="test"/>
		<testcase name="handles empty schema" time="0.000065" classname="test"/>
		<testcase name="handles multiple entities" time="0.000126" classname="test"/>
		<testcase name="entity with only system fields produces empty fields array but entity key exists" time="0.000151" classname="test"/>
		<testcase name="entity with all discarded fields produces empty fields array" time="0.000167" classname="test"/>
		<testcase name="field with unknown visibility (e.g. hidden) is included in fields" time="0.000368" classname="test"/>
		<testcase name="process with no trigger produces action with undefined endpoint and method" time="0.000064" classname="test"/>
		<testcase name="schema with null entities does not crash and returns empty visibleEntities" time="0.000087" classname="test"/>
		<testcase name="schema with undefined entities does not crash and returns empty visibleEntities" time="0.000039" classname="test"/>
		<testcase name="rules parameter is passed but unused — no side effects on output" time="0.000110" classname="test"/>
		<testcase name="searchable system field does not appear in searchableFields" time="0.000038" classname="test"/>
		<testcase name="field without label has undefined label in output" time="0.000046" classname="test"/>
	</testsuite>
	<testsuite name="core-maps" time="0.011959" disabled="0" errors="0" tests="3" failures="0" skipped="0" hostname="MacBook-Pro-de-Seba-3.local">
		<testcase name="system-columns.json is valid JSON with expected keys" time="0.005751" classname="test"/>
		<testcase name="ad-reference-map.json maps AD_Reference_IDs to schema types" time="0.000987" classname="test"/>
		<testcase name="impact-messages.json has entries for each system category" time="0.001675" classname="test"/>
	</testsuite>
	<testsuite name="db" time="0.001397" disabled="0" errors="0" tests="2" failures="0" skipped="0" hostname="MacBook-Pro-de-Seba-3.local">
		<testcase name="createDbPool returns a pool with query method" time="0.000629" classname="test"/>
		<testcase name="createDbPool reads from env when no config provided" time="0.000103" classname="test"/>
	</testsuite>
	<testsuite name="classifyField" time="0.002428" disabled="0" errors="0" tests="6" failures="0" skipped="0" hostname="MacBook-Pro-de-Seba-3.local">
		<testcase name="classifies AD_Client_ID as system/internal with fromConfig derivation" time="0.001329" classname="test"/>
		<testcase name="classifies Created as system/audit" time="0.000069" classname="test"/>
		<testcase name="classifies hidden field (isDisplayed=N) as system" time="0.000087" classname="test"/>
		<testcase name="classifies read-only field as readOnly" time="0.000116" classname="test"/>
		<testcase name="classifies normal displayed field as editable" time="0.000058" classname="test"/>
		<testcase name="classifies primary key (C_Order_ID on table C_Order) as system/internal with sequence" time="0.000055" classname="test"/>
	</testsuite>
	<testsuite name="inferDerivation" time="0.001126" disabled="0" errors="0" tests="5" failures="0" skipped="0" hostname="MacBook-Pro-de-Seba-3.local">
		<testcase name="parses @AD_Org_ID@ as fromConfig" time="0.000285" classname="test"/>
		<testcase name="parses @SQL=SELECT... as lookup" time="0.000233" classname="test"/>
		<testcase name="returns null for null input" time="0.000167" classname="test"/>
		<testcase name="returns null for undefined input" time="0.000201" classname="test"/>
		<testcase name="parses plain value as computed" time="0.000073" classname="test"/>
	</testsuite>
	<testsuite name="buildSchema" time="0.001941" disabled="0" errors="0" tests="3" failures="0" skipped="0" hostname="MacBook-Pro-de-Seba-3.local">
		<testcase name="produces correct window name, 2 entities, and header/line levels" time="0.001600" classname="test"/>
		<testcase name="maps AD_Reference_ID correctly (ref 12 -> amount, ref 29 -> quantity)" time="0.000220" classname="test"/>
		<testcase name="returns empty schema for empty rows" time="0.000054" classname="test"/>
	</testsuite>
	<testsuite name="analyzeJavaSource" time="0.003157" disabled="0" errors="0" tests="6" failures="0" skipped="0" hostname="MacBook-Pro-de-Seba-3.local">
		<testcase name="detects setValue effects from addResult pattern" time="0.001215" classname="test"/>
		<testcase name="detects DML usage with OBDal.getInstance()" time="0.000203" classname="test"/>
		<testcase name="counts branches (if, switch, ternary)" time="0.000086" classname="test"/>
		<testcase name="handles null source gracefully with low confidence" time="0.000777" classname="test"/>
		<testcase name="handles undefined source gracefully with low confidence" time="0.000062" classname="test"/>
		<testcase name="counts LOC correctly (excludes blanks and comments)" time="0.000064" classname="test"/>
	</testsuite>
	<testsuite name="translateExpression" time="0.001259" disabled="0" errors="0" tests="5" failures="0" skipped="0" hostname="MacBook-Pro-de-Seba-3.local">
		<testcase name="translates @DocumentStatus@ to documentStatus" time="0.000355" classname="test"/>
		<testcase name="translates @IsSalesTransaction@='Y' to include true" time="0.000272" classname="test"/>
		<testcase name="rejects OB.Utilities framework calls" time="0.000194" classname="test"/>
		<testcase name="replaces | with || and &amp; with &amp;&amp;" time="0.000202" classname="test"/>
		<testcase name="replaces single = with == but preserves !=, &lt;=, >=" time="0.000063" classname="test"/>
	</testsuite>
	<testsuite name="isSimpleValidation" time="0.000370" disabled="0" errors="0" tests="4" failures="0" skipped="0" hostname="MacBook-Pro-de-Seba-3.local">
		<testcase name="returns true for simple WHERE clause" time="0.000151" classname="test"/>
		<testcase name="returns false for complex query with multiple JOINs and EXISTS" time="0.000093" classname="test"/>
		<testcase name="returns true for null/empty SQL" time="0.000033" classname="test"/>
		<testcase name="returns false for UNION queries" time="0.000033" classname="test"/>
	</testsuite>
	<testsuite name="buildRuleFromCallout" time="0.000237" disabled="0" errors="0" tests="3" failures="0" skipped="0" hostname="MacBook-Pro-de-Seba-3.local">
		<testcase name="builds a rule with effects from source analysis" time="0.000107" classname="test"/>
		<testcase name="builds a rule with unknown complexity when source not found" time="0.000045" classname="test"/>
		<testcase name="marks high complexity for DML usage" time="0.000043" classname="test"/>
	</testsuite>
	<testsuite name="prepareTemplateData edge cases" time="0.006276" disabled="0" errors="0" tests="12" failures="0" skipped="0" hostname="MacBook-Pro-de-Seba-3.local">
		<testcase name="schema with no system fields produces empty eventHandlers" time="0.000980" classname="test"/>
		<testcase name="schema with no processes produces empty processes array" time="0.000099" classname="test"/>
		<testcase name="schema with no processes and undefined produces empty processes array" time="0.000078" classname="test"/>
		<testcase name="schema with multiple entities produces DTOs for each entity" time="0.000139" classname="test"/>
		<testcase name="schema with multiple entities produces endpoints for each entity" time="0.000153" classname="test"/>
		<testcase name="schema with multiple entities produces event handlers only for entities with derivations" time="0.000134" classname="test"/>
		<testcase name="DTOs for multi-entity schema exclude system fields from each entity" time="0.000102" classname="test"/>
		<testcase name="Java type mapping covers all known types correctly" time="0.001466" classname="test"/>
		<testcase name="PascalCase class name generation handles hyphenated and underscored names" time="0.000332" classname="test"/>
		<testcase name="validators are empty when no processes have preconditions" time="0.001462" classname="test"/>
		<testcase name="readOnly fields are marked as readOnly in DTO" time="0.000195" classname="test"/>
		<testcase name="discarded fields are excluded from DTOs" time="0.000087" classname="test"/>
	</testsuite>
	<testsuite name="generateFileList edge cases" time="0.000444" disabled="0" errors="0" tests="4" failures="0" skipped="0" hostname="MacBook-Pro-de-Seba-3.local">
		<testcase name="generates only base files when no handlers, processes, validators exist" time="0.000177" classname="test"/>
		<testcase name="generates correct number of files for multi-entity schema" time="0.000074" classname="test"/>
		<testcase name="file paths use lowercase hyphenated window name as slug" time="0.000061" classname="test"/>
		<testcase name="file paths contain correct package directory structure" time="0.000059" classname="test"/>
	</testsuite>
	<testsuite name="UUID idempotency edge cases" time="0.003687" disabled="0" errors="0" tests="4" failures="0" skipped="0" hostname="MacBook-Pro-de-Seba-3.local">
		<testcase name="UUID is idempotent across multiple calls with same manifest" time="0.000291" classname="test"/>
		<testcase name="same key name under different entity types gets different UUIDs" time="0.000044" classname="test"/>
		<testcase name="pre-populated manifest preserves existing UUIDs" time="0.002978" classname="test"/>
		<testcase name="UUID format is exactly 32 uppercase hex characters" time="0.000293" classname="test"/>
	</testsuite>
	<testsuite name="prepareTemplateData" time="0.001971" disabled="0" errors="0" tests="4" failures="0" skipped="0" hostname="MacBook-Pro-de-Seba-3.local">
		<testcase name="creates event handler data from system field derivations" time="0.000927" classname="test"/>
		<testcase name="creates process data with preconditions" time="0.000118" classname="test"/>
		<testcase name="creates DTO data with only visible fields" time="0.000095" classname="test"/>
		<testcase name="creates endpoint data with searchable filters" time="0.000079" classname="test"/>
	</testsuite>
	<testsuite name="generateFileList" time="0.000279" disabled="0" errors="0" tests="1" failures="0" skipped="0" hostname="MacBook-Pro-de-Seba-3.local">
		<testcase name="produces a list of files to generate" time="0.000226" classname="test"/>
	</testsuite>
	<testsuite name="generateFrontendContract" time="0.002521" disabled="0" errors="0" tests="3" failures="0" skipped="0" hostname="MacBook-Pro-de-Seba-3.local">
		<testcase name="excludes system fields" time="0.001223" classname="test"/>
		<testcase name="includes searchable fields list" time="0.000090" classname="test"/>
		<testcase name="maps types to TypeScript types" time="0.000168" classname="test"/>
	</testsuite>
	<testsuite name="generateBackendContract" time="0.000477" disabled="0" errors="0" tests="3" failures="0" skipped="0" hostname="MacBook-Pro-de-Seba-3.local">
		<testcase name="includes all fields including system" time="0.000173" classname="test"/>
		<testcase name="generates REST endpoints" time="0.000081" classname="test"/>
		<testcase name="generates process endpoints" time="0.000064" classname="test"/>
	</testsuite>
	<testsuite name="generateTestManifest" time="0.001653" disabled="0" errors="0" tests="7" failures="0" skipped="0" hostname="MacBook-Pro-de-Seba-3.local">
		<testcase name="generates field-presence tests for visible fields" time="0.000384" classname="test"/>
		<testcase name="generates field-type tests" time="0.000208" classname="test"/>
		<testcase name="generates searchable-filter tests" time="0.000357" classname="test"/>
		<testcase name="generates process tests (happy, failure, edge)" time="0.000265" classname="test"/>
		<testcase name="generates system-field tests" time="0.000071" classname="test"/>
		<testcase name="generates rule tests" time="0.000057" classname="test"/>
		<testcase name="includes test count summary" time="0.000050" classname="test"/>
	</testsuite>
	<testsuite name="generateFrontendContract — edge cases" time="0.003993" disabled="0" errors="0" tests="6" failures="0" skipped="0" hostname="MacBook-Pro-de-Seba-3.local">
		<testcase name="schema with zero entities produces empty contract" time="0.000730" classname="test"/>
		<testcase name="entity with ALL system fields produces empty fields array" time="0.000042" classname="test"/>
		<testcase name="discarded fields are excluded from frontend contract" time="0.002916" classname="test"/>
		<testcase name="schema with multiple entities includes all entities" time="0.000097" classname="test"/>
		<testcase name="computed fields list only includes fields with derivation" time="0.000043" classname="test"/>
		<testcase name="maps unknown type to string fallback" time="0.000062" classname="test"/>
	</testsuite>
	<testsuite name="generateBackendContract — edge cases" time="0.000503" disabled="0" errors="0" tests="6" failures="0" skipped="0" hostname="MacBook-Pro-de-Seba-3.local">
		<testcase name="schema with zero entities produces empty endpoints" time="0.000071" classname="test"/>
		<testcase name="generates exactly 5 REST endpoints per entity" time="0.000131" classname="test"/>
		<testcase name="includes discarded fields in backend contract (all fields included)" time="0.000048" classname="test"/>
		<testcase name="defaults to empty rules and processes when not provided" time="0.000033" classname="test"/>
		<testcase name="multiple entities produce endpoints for all entities" time="0.000032" classname="test"/>
		<testcase name="process endpoint includes step count and preconditions" time="0.000045" classname="test"/>
	</testsuite>
	<testsuite name="generateTestManifest — edge cases" time="0.000642" disabled="0" errors="0" tests="8" failures="0" skipped="0" hostname="MacBook-Pro-de-Seba-3.local">
		<testcase name="empty schema produces minimal manifest with zero tests" time="0.000073" classname="test"/>
		<testcase name="process without edge cases generates no process-edge tests" time="0.000094" classname="test"/>
		<testcase name="non-transactional process omits rollback test" time="0.000068" classname="test"/>
		<testcase name="rules with tier=human and decision=omit still appear in rule-declared tests (no filtering)" time="0.000063" classname="test"/>
		<testcase name="summary.byRunner counts match actual tests by runner" time="0.000064" classname="test"/>
		<testcase name="summary.byCategory counts match actual tests by category" time="0.000078" classname="test"/>
		<testcase name="all test IDs are unique" time="0.000053" classname="test"/>
		<testcase name="all-system-fields entity produces only system-field tests and a visibility test" time="0.000067" classname="test"/>
	</testsuite>
	<testsuite name="generateContract — orchestrator" time="0.014962" disabled="0" errors="0" tests="7" failures="0" skipped="0" hostname="MacBook-Pro-de-Seba-3.local">
		<testcase name="returns version from schema" time="0.014128" classname="test"/>
		<testcase name="defaults version to 0.1.0 when schema has no version" time="0.000267" classname="test"/>
		<testcase name="includes generatedAt as ISO timestamp" time="0.000094" classname="test"/>
		<testcase name="includes checksum as 16-char hex string" time="0.000105" classname="test"/>
		<testcase name="checksum changes when schema content changes" time="0.000120" classname="test"/>
		<testcase name="includes frontendContract, backendContract, and testManifest" time="0.000085" classname="test"/>
		<testcase name="empty schema produces valid contract structure" time="0.000058" classname="test"/>
	</testsuite>
	<testsuite name="generateTableComponent" time="0.001835" disabled="0" errors="0" tests="6" failures="0" skipped="0" hostname="MacBook-Pro-de-Seba-3.local">
		<testcase name="generates thin component importing from contract-ui" time="0.000680" classname="test"/>
		<testcase name="declares columns array with correct entries" time="0.000083" classname="test"/>
		<testcase name="declares filters array from searchableFields" time="0.000129" classname="test"/>
		<testcase name="passes columns and filters as props to DataTable" time="0.000060" classname="test"/>
		<testcase name="does NOT contain inline CSS classes (moved to generic components)" time="0.000116" classname="test"/>
		<testcase name="does NOT contain inline state management" time="0.000052" classname="test"/>
	</testsuite>
	<testsuite name="generateFormComponent" time="0.001399" disabled="0" errors="0" tests="9" failures="0" skipped="0" hostname="MacBook-Pro-de-Seba-3.local">
		<testcase name="generates thin component importing from contract-ui" time="0.000249" classname="test"/>
		<testcase name="declares fields array with only editable fields" time="0.000245" classname="test"/>
		<testcase name="includes required flag on required fields" time="0.000237" classname="test"/>
		<testcase name="includes labels for editable fields" time="0.000176" classname="test"/>
		<testcase name="does NOT contain inline CSS classes or layout" time="0.000057" classname="test"/>
		<testcase name="generates search type for search-mode FK fields with reference" time="0.000048" classname="test"/>
		<testcase name="generates selector type for selector-mode FK fields" time="0.000046" classname="test"/>
		<testcase name="generates dependent type for dependent-mode FK fields" time="0.000044" classname="test"/>
		<testcase name="does not render save/delete buttons or process actions" time="0.000037" classname="test"/>
	</testsuite>
	<testsuite name="generatePageComponent" time="0.004464" disabled="0" errors="0" tests="12" failures="0" skipped="0" hostname="MacBook-Pro-de-Seba-3.local">
		<testcase name="generates thin component importing from contract-ui" time="0.000468" classname="test"/>
		<testcase name="does NOT import useEntity or useState directly" time="0.000883" classname="test"/>
		<testcase name="declares summary array from read-only fields (excluding status)" time="0.000148" classname="test"/>
		<testcase name="declares statusField string" time="0.000063" classname="test"/>
		<testcase name="declares processes array with style flags" time="0.000063" classname="test"/>
		<testcase name="includes reference in addLineFields entry for FK fields" time="0.001094" classname="test"/>
		<testcase name="includes selector type for selector FK fields in addLineFields" time="0.000086" classname="test"/>
		<testcase name="declares addLineFields with entry and derived arrays" time="0.000062" classname="test"/>
		<testcase name="passes all config props to MasterDetailPage including catalogs" time="0.000621" classname="test"/>
		<testcase name="imports mockCatalogs and child components" time="0.000079" classname="test"/>
		<testcase name="does NOT contain inline layout CSS (moved to generic components)" time="0.000188" classname="test"/>
		<testcase name="passes entityLabel and detailLabel props" time="0.000224" classname="test"/>
	</testsuite>
	<testsuite name="generateIndexComponent" time="0.000444" disabled="0" errors="0" tests="3" failures="0" skipped="0" hostname="MacBook-Pro-de-Seba-3.local">
		<testcase name="generates entry point with standard props" time="0.000252" classname="test"/>
		<testcase name="imports page component for header-detail entity" time="0.000050" classname="test"/>
		<testcase name="handles single-entity without page component" time="0.000064" classname="test"/>
	</testsuite>
	<testsuite name="boolean field handling" time="0.000491" disabled="0" errors="0" tests="3" failures="0" skipped="0" hostname="MacBook-Pro-de-Seba-3.local">
		<testcase name="mapFieldType returns boolean for boolean fields in table columns" time="0.000058" classname="test"/>
		<testcase name="mapFormFieldType returns checkbox for boolean fields in form" time="0.000157" classname="test"/>
		<testcase name="excludes readOnly boolean fields from form (same rule as other readOnly fields)" time="0.000154" classname="test"/>
	</testsuite>
	<testsuite name="generateAll" time="0.001846" disabled="0" errors="0" tests="4" failures="0" skipped="0" hostname="MacBook-Pro-de-Seba-3.local">
		<testcase name="returns map of filename to code" time="0.000453" classname="test"/>
		<testcase name="generates mockCatalogs.js" time="0.000192" classname="test"/>
		<testcase name="all generated files import from contract-ui (not individual UI components)" time="0.000920" classname="test"/>
		<testcase name="handles single-entity contract without detail" time="0.000107" classname="test"/>
	</testsuite>
	<testsuite name="generateMockCatalogs" time="0.000467" disabled="0" errors="0" tests="6" failures="0" skipped="0" hostname="MacBook-Pro-de-Seba-3.local">
		<testcase name="generates catalogs for all references in the contract" time="0.000103" classname="test"/>
		<testcase name="catalog data has correct structure with id and name" time="0.000054" classname="test"/>
		<testcase name="BusinessPartnerLocation items have businessPartnerId for dependent filtering" time="0.000049" classname="test"/>
		<testcase name="Tax catalog items have rate property" time="0.000080" classname="test"/>
		<testcase name="Product catalog items have price and uomId" time="0.000058" classname="test"/>
		<testcase name="exports catalogs as default export" time="0.000048" classname="test"/>
	</testsuite>
	<testsuite name="getReadOnlyFields" time="0.000094" disabled="0" errors="0" tests="1" failures="0" skipped="0" hostname="MacBook-Pro-de-Seba-3.local">
		<testcase name="returns only form fields with readOnly visibility" time="0.000067" classname="test"/>
	</testsuite>
	<testsuite name="generateMockValue" time="0.005960" disabled="0" errors="0" tests="17" failures="0" skipped="0" hostname="MacBook-Pro-de-Seba-3.local">
		<testcase name="generates sequential document numbers for documentNo" time="0.000719" classname="test"/>
		<testcase name="generates sequential document numbers for lineNo-style *No fields" time="0.000112" classname="test"/>
		<testcase name="generates business partner names for *Partner* fields" time="0.000142" classname="test"/>
		<testcase name="cycles through docStatus values" time="0.000064" classname="test"/>
		<testcase name="generates date strings for date fields" time="0.002292" classname="test"/>
		<testcase name="generates numeric amounts for amount fields" time="0.000122" classname="test"/>
		<testcase name="generates integers for integer type fields" time="0.000065" classname="test"/>
		<testcase name="cycles through currency values for *currency* fields" time="0.000495" classname="test"/>
		<testcase name="generates warehouse names for *warehouse* fields" time="0.000212" classname="test"/>
		<testcase name="generates product names for *product* fields" time="0.000372" classname="test"/>
		<testcase name="generates discount between 0 and 25" time="0.000074" classname="test"/>
		<testcase name="generates quantity between 1 and 100" time="0.000045" classname="test"/>
		<testcase name="generates lineNo as (index+1)*10" time="0.000039" classname="test"/>
		<testcase name="generates description phrases for description fields" time="0.000046" classname="test"/>
		<testcase name="generates tax names for *tax* fields" time="0.000035" classname="test"/>
		<testcase name="defaults to &amp;quot;Sample {fieldName}&amp;quot; for unknown string fields" time="0.000039" classname="test"/>
		<testcase name="generates random numbers for generic number type" time="0.000035" classname="test"/>
	</testsuite>
	<testsuite name="generateMockRecords" time="0.000640" disabled="0" errors="0" tests="5" failures="0" skipped="0" hostname="MacBook-Pro-de-Seba-3.local">
		<testcase name="generates the requested number of records" time="0.000214" classname="test"/>
		<testcase name="defaults to 12 records" time="0.000094" classname="test"/>
		<testcase name="each record has an id field" time="0.000100" classname="test"/>
		<testcase name="all ids are unique" time="0.000103" classname="test"/>
		<testcase name="each record has all frontend fields" time="0.000058" classname="test"/>
	</testsuite>
	<testsuite name="generateAllMockData" time="0.004251" disabled="0" errors="0" tests="5" failures="0" skipped="0" hostname="MacBook-Pro-de-Seba-3.local">
		<testcase name="returns data for all entities" time="0.000149" classname="test"/>
		<testcase name="primary entity comes first in keys" time="0.000072" classname="test"/>
		<testcase name="generates the requested count per entity" time="0.000101" classname="test"/>
		<testcase name="child records reference parent IDs" time="0.000168" classname="test"/>
		<testcase name="defaults to 12 records per entity" time="0.003680" classname="test"/>
	</testsuite>
	<testsuite name="generateMockDataFile" time="0.000495" disabled="0" errors="0" tests="2" failures="0" skipped="0" hostname="MacBook-Pro-de-Seba-3.local">
		<testcase name="returns a valid ES module string" time="0.000236" classname="test"/>
		<testcase name="contains valid JSON arrays in exports" time="0.000208" classname="test"/>
	</testsuite>
	<testsuite name="parseFieldArray edge cases" time="0.002383" disabled="0" errors="0" tests="5" failures="0" skipped="0" hostname="MacBook-Pro-de-Seba-3.local">
		<testcase name="handles empty array body" time="0.000616" classname="test"/>
		<testcase name="handles fields with numeric values" time="0.000194" classname="test"/>
		<testcase name="handles double-quoted values" time="0.000147" classname="test"/>
		<testcase name="skips objects without a key property" time="0.000127" classname="test"/>
		<testcase name="handles source with multiple array definitions" time="0.000138" classname="test"/>
	</testsuite>
	<testsuite name="classifyFile edge cases" time="0.001149" disabled="0" errors="0" tests="3" failures="0" skipped="0" hostname="MacBook-Pro-de-Seba-3.local">
		<testcase name="handles files with Table in middle of name" time="0.000203" classname="test"/>
		<testcase name="handles .js extension" time="0.000348" classname="test"/>
		<testcase name="handles index.js (not .jsx)" time="0.000262" classname="test"/>
	</testsuite>
	<testsuite name="compareGenerated edge cases" time="0.003725" disabled="0" errors="0" tests="7" failures="0" skipped="0" hostname="MacBook-Pro-de-Seba-3.local">
		<testcase name="handles both old and new being empty" time="0.000445" classname="test"/>
		<testcase name="handles multiple simultaneous changes across files" time="0.002386" classname="test"/>
		<testcase name="detects component-changed for table when columns stay same but code differs" time="0.000147" classname="test"/>
		<testcase name="detects component-changed for form when fields stay same but code differs" time="0.000071" classname="test"/>
		<testcase name="detects index file changes" time="0.000130" classname="test"/>
		<testcase name="entity extraction works for multi-word filenames" time="0.000054" classname="test"/>
		<testcase name="handles file-removed correctly" time="0.000144" classname="test"/>
	</testsuite>
	<testsuite name="createLogEntries edge cases" time="0.001385" disabled="0" errors="0" tests="5" failures="0" skipped="0" hostname="MacBook-Pro-de-Seba-3.local">
		<testcase name="handles existing log with non-sequential runIds" time="0.000957" classname="test"/>
		<testcase name="handles existing log with invalid runId entries" time="0.000088" classname="test"/>
		<testcase name="pads runId to 3 digits" time="0.000126" classname="test"/>
		<testcase name="run timestamp is valid ISO string" time="0.000055" classname="test"/>
		<testcase name="multiple changes in same run share runId and timestamp" time="0.000072" classname="test"/>
	</testsuite>
	<testsuite name="appendToLog edge cases" time="0.007107" disabled="0" errors="0" tests="3" failures="0" skipped="0" hostname="MacBook-Pro-de-Seba-3.local">
		<testcase name="handles corrupted JSON file gracefully" time="0.003625" classname="test"/>
		<testcase name="creates nested directories if needed" time="0.002424" classname="test"/>
		<testcase name="handles empty entries array" time="0.000954" classname="test"/>
	</testsuite>
	<testsuite name="generateWindowView edge cases" time="0.008578" disabled="0" errors="0" tests="3" failures="0" skipped="0" hostname="MacBook-Pro-de-Seba-3.local">
		<testcase name="handles missing log file" time="0.005129" classname="test"/>
		<testcase name="filters entries to only requested window" time="0.001089" classname="test"/>
		<testcase name="renders null before/after as dash" time="0.002261" classname="test"/>
	</testsuite>
	<testsuite name="generateRunsView edge cases" time="0.009318" disabled="0" errors="0" tests="3" failures="0" skipped="0" hostname="MacBook-Pro-de-Seba-3.local">
		<testcase name="handles missing log file" time="0.004407" classname="test"/>
		<testcase name="groups multiple entries under same runId" time="0.000884" classname="test"/>
		<testcase name="lists multiple windows in run summary" time="0.003939" classname="test"/>
	</testsuite>
	<testsuite name="parseFieldArray" time="0.001633" disabled="0" errors="0" tests="3" failures="0" skipped="0" hostname="MacBook-Pro-de-Seba-3.local">
		<testcase name="parses columns array from table JSX" time="0.000751" classname="test"/>
		<testcase name="parses fields array from form JSX" time="0.000149" classname="test"/>
		<testcase name="returns empty array when array name not found" time="0.000077" classname="test"/>
	</testsuite>
	<testsuite name="classifyFile" time="0.000793" disabled="0" errors="0" tests="5" failures="0" skipped="0" hostname="MacBook-Pro-de-Seba-3.local">
		<testcase name="classifies table files" time="0.000083" classname="test"/>
		<testcase name="classifies form files" time="0.000047" classname="test"/>
		<testcase name="classifies page files" time="0.000043" classname="test"/>
		<testcase name="classifies index files" time="0.000157" classname="test"/>
		<testcase name="classifies other files" time="0.000215" classname="test"/>
	</testsuite>
	<testsuite name="compareGenerated" time="0.001115" disabled="0" errors="0" tests="7" failures="0" skipped="0" hostname="MacBook-Pro-de-Seba-3.local">
		<testcase name="detects new files" time="0.000301" classname="test"/>
		<testcase name="detects removed files" time="0.000203" classname="test"/>
		<testcase name="detects field type changes in table" time="0.000140" classname="test"/>
		<testcase name="detects field additions in form" time="0.000082" classname="test"/>
		<testcase name="detects field removals in table" time="0.000106" classname="test"/>
		<testcase name="detects page content changes" time="0.000070" classname="test"/>
		<testcase name="ignores identical files" time="0.000037" classname="test"/>
	</testsuite>
	<testsuite name="createLogEntries" time="0.005281" disabled="0" errors="0" tests="4" failures="0" skipped="0" hostname="MacBook-Pro-de-Seba-3.local">
		<testcase name="creates entries with run metadata" time="0.004972" classname="test"/>
		<testcase name="auto-increments runId from existing log" time="0.000113" classname="test"/>
		<testcase name="returns single no-changes entry when no changes" time="0.000061" classname="test"/>
		<testcase name="entry has all required fields" time="0.000064" classname="test"/>
	</testsuite>
	<testsuite name="createLogEntries no-changes" time="0.000163" disabled="0" errors="0" tests="1" failures="0" skipped="0" hostname="MacBook-Pro-de-Seba-3.local">
		<testcase name="returns a single no-changes entry when old and new files are identical" time="0.000116" classname="test"/>
	</testsuite>
	<testsuite name="appendToLog" time="0.002827" disabled="0" errors="0" tests="2" failures="0" skipped="0" hostname="MacBook-Pro-de-Seba-3.local">
		<testcase name="creates file if missing" time="0.001935" classname="test"/>
		<testcase name="appends to existing file" time="0.000817" classname="test"/>
	</testsuite>
	<testsuite name="generateWindowView" time="0.003782" disabled="0" errors="0" tests="2" failures="0" skipped="0" hostname="MacBook-Pro-de-Seba-3.local">
		<testcase name="produces valid markdown with table" time="0.002655" classname="test"/>
		<testcase name="handles empty log gracefully" time="0.001009" classname="test"/>
	</testsuite>
	<testsuite name="generateRunsView" time="0.001796" disabled="0" errors="0" tests="2" failures="0" skipped="0" hostname="MacBook-Pro-de-Seba-3.local">
		<testcase name="produces valid markdown grouped by run" time="0.001063" classname="test"/>
		<testcase name="handles empty log gracefully" time="0.000686" classname="test"/>
	</testsuite>
	<testsuite name="validatePipelineInput" time="0.001593" disabled="0" errors="0" tests="5" failures="0" skipped="0" hostname="MacBook-Pro-de-Seba-3.local">
		<testcase name="accepts valid input with windowId and windowName" time="0.000563" classname="test"/>
		<testcase name="rejects missing windowId" time="0.000090" classname="test"/>
		<testcase name="rejects missing windowName" time="0.000111" classname="test"/>
		<testcase name="rejects empty string windowId as invalid" time="0.000052" classname="test"/>
		<testcase name="rejects empty string windowName as invalid" time="0.000055" classname="test"/>
	</testsuite>
	<testsuite name="buildPipelineSteps" time="0.001600" disabled="0" errors="0" tests="11" failures="0" skipped="0" hostname="MacBook-Pro-de-Seba-3.local">
		<testcase name="returns all pipeline steps in correct order" time="0.000209" classname="test"/>
		<testcase name="each step has name, description, and phase" time="0.000181" classname="test"/>
		<testcase name="marks human-decisions as interactive" time="0.000246" classname="test"/>
		<testcase name="returns exactly 9 steps" time="0.000171" classname="test"/>
		<testcase name="includes generate-frontend step with phase F8" time="0.000221" classname="test"/>
		<testcase name="F8 comes after F7 and before F9" time="0.000064" classname="test"/>
		<testcase name="all step names are unique" time="0.000066" classname="test"/>
		<testcase name="all phase values are unique" time="0.000050" classname="test"/>
		<testcase name="interactive step is not the first step" time="0.000052" classname="test"/>
		<testcase name="interactive step is not the last step" time="0.000037" classname="test"/>
		<testcase name="only human-decisions step is marked interactive" time="0.000040" classname="test"/>
	</testsuite>
	<testsuite name="package.json bin entries" time="0.000538" disabled="0" errors="0" tests="2" failures="0" skipped="0" hostname="MacBook-Pro-de-Seba-3.local">
		<testcase name="sf-pipeline bin entry points to an existing file" time="0.000231" classname="test"/>
		<testcase name="all bin entries that reference existing source files are valid" time="0.000259" classname="test"/>
	</testsuite>
	<testsuite name="classifyRule (deterministic)" time="0.003908" disabled="0" errors="0" tests="16" failures="0" skipped="0" hostname="MacBook-Pro-de-Seba-3.local">
		<testcase name="auto-keeps simple displayLogic" time="0.000850" classname="test"/>
		<testcase name="escalates displayLogic with framework calls" time="0.000099" classname="test"/>
		<testcase name="auto-keeps simple callout without DML" time="0.000079" classname="test"/>
		<testcase name="escalates callout with DML" time="0.000118" classname="test"/>
		<testcase name="escalates complex callout with many effects" time="0.000055" classname="test"/>
		<testcase name="auto-keeps simple validation" time="0.000109" classname="test"/>
		<testcase name="readOnlyLogic behaves like displayLogic for simple expressions" time="0.000073" classname="test"/>
		<testcase name="readOnlyLogic with framework calls escalates to human" time="0.000140" classname="test"/>
		<testcase name="unknown rule type returns human/pending" time="0.000150" classname="test"/>
		<testcase name="undefined rule type returns human/pending" time="0.000336" classname="test"/>
		<testcase name="validation with DML escalates to human/pending" time="0.000053" classname="test"/>
		<testcase name="callout with exactly 2 effects and low complexity is auto" time="0.000044" classname="test"/>
		<testcase name="callout with exactly 3 effects escalates to human" time="0.000040" classname="test"/>
		<testcase name="callout with missing effects field does not crash" time="0.000035" classname="test"/>
		<testcase name="callout with DML but no dmlWarning still escalates with empty warnings" time="0.000042" classname="test"/>
		<testcase name="does not mutate the original rule object" time="0.000764" classname="test"/>
	</testsuite>
	<testsuite name="classifyRules" time="0.000323" disabled="0" errors="0" tests="4" failures="0" skipped="0" hostname="MacBook-Pro-de-Seba-3.local">
		<testcase name="produces correct summary counts" time="0.000111" classname="test"/>
		<testcase name="empty rules array returns all-zero summary" time="0.000043" classname="test"/>
		<testcase name="preserves original rule properties in output" time="0.000046" classname="test"/>
		<testcase name="classifies mixed rule types correctly" time="0.000058" classname="test"/>
	</testsuite>
	<testsuite name="processes.json" time="0.027055" disabled="0" errors="0" tests="4" failures="0" skipped="0" hostname="MacBook-Pro-de-Seba-3.local">
		<testcase name="is valid against processes.schema.json" time="0.020385" classname="test"/>
		<testcase name="defines completeOrder with >= 3 edge cases" time="0.002877" classname="test"/>
		<testcase name="defines voidOrder with >= 3 edge cases" time="0.001788" classname="test"/>
		<testcase name="all steps use only validate|mutation|forEach types" time="0.001075" classname="test"/>
	</testsuite>
	<testsuite name="generateTestAssertions" time="0.001996" disabled="0" errors="0" tests="6" failures="0" skipped="0" hostname="MacBook-Pro-de-Seba-3.local">
		<testcase name="generates assertions for field-presence tests" time="0.000756" classname="test"/>
		<testcase name="generates assertions for field-type tests" time="0.000135" classname="test"/>
		<testcase name="generates assertions for system-field tests" time="0.000075" classname="test"/>
		<testcase name="generates assertions for searchable-filters tests" time="0.000123" classname="test"/>
		<testcase name="skips junit tests (not runnable in Node)" time="0.000063" classname="test"/>
		<testcase name="detects missing field as failure" time="0.000103" classname="test"/>
	</testsuite>
	<testsuite name="runContractTests" time="0.000601" disabled="0" errors="0" tests="2" failures="0" skipped="0" hostname="MacBook-Pro-de-Seba-3.local">
		<testcase name="returns summary with pass/fail counts" time="0.000198" classname="test"/>
		<testcase name="reports failure for bad contract" time="0.000274" classname="test"/>
	</testsuite>
	<testsuite name="edge cases" time="0.001620" disabled="0" errors="0" tests="7" failures="0" skipped="0" hostname="MacBook-Pro-de-Seba-3.local">
		<testcase name="empty testManifest produces zero counts" time="0.000844" classname="test"/>
		<testcase name="missing testManifest produces zero counts" time="0.000202" classname="test"/>
		<testcase name="all junit tests result in all skipped, zero passed" time="0.000072" classname="test"/>
		<testcase name="multiple entities have tests across entities work" time="0.000078" classname="test"/>
		<testcase name="searchable filter for non-existent endpoint fails gracefully" time="0.000094" classname="test"/>
		<testcase name="contract with no frontendContract handles gracefully" time="0.000113" classname="test"/>
		<testcase name="unknown test category reports failure with descriptive reason" time="0.000045" classname="test"/>
	</testsuite>
	<testsuite name="JSON Schemas" time="0.050441" disabled="0" errors="0" tests="3" failures="0" skipped="0" hostname="MacBook-Pro-de-Seba-3.local">
		<testcase name="all schema files are valid JSON Schema" time="0.047498" classname="test"/>
		<testcase name="schema-raw requires version, window, entities" time="0.001353" classname="test"/>
		<testcase name="step-operation defines validate, mutation, forEach types" time="0.000653" classname="test"/>
	</testsuite>
	<testsuite name="Handlebars templates — edge cases" time="0.040145" disabled="0" errors="0" tests="9" failures="0" skipped="0" hostname="MacBook-Pro-de-Seba-3.local">
		<testcase name="EventHandler.java.hbs with empty derivations renders without derivation blocks" time="0.012676" classname="test"/>
		<testcase name="EventHandler.java.hbs with checkNull=false omits null guard" time="0.006124" classname="test"/>
		<testcase name="DalProcess.java.hbs with empty preconditions renders without precondition checks" time="0.004661" classname="test"/>
		<testcase name="DalProcess.java.hbs with empty steps renders without step blocks" time="0.002121" classname="test"/>
		<testcase name="DalProcess.java.hbs with all stub=true steps renders only comments, no code" time="0.002783" classname="test"/>
		<testcase name="DTO.java.hbs with zero fields renders class with only constructor" time="0.003211" classname="test"/>
		<testcase name="RxEndpoint.java.hbs with no filters renders org-level filter only" time="0.002370" classname="test"/>
		<testcase name="dataset.xml.hbs with no records renders valid XML shell" time="0.002271" classname="test"/>
		<testcase name="PreconditionValidator.java.hbs with empty preconditions renders valid class" time="0.001930" classname="test"/>
	</testsuite>
	<testsuite name="Handlebars templates" time="0.024246" disabled="0" errors="0" tests="8" failures="0" skipped="0" hostname="MacBook-Pro-de-Seba-3.local">
		<testcase name="EventHandler.java.hbs compiles and generates valid Java" time="0.010946" classname="test"/>
		<testcase name="DalProcess.java.hbs generates process with preconditions" time="0.002899" classname="test"/>
		<testcase name="DTO.java.hbs generates DTO with fields" time="0.002127" classname="test"/>
		<testcase name="RxEndpoint.java.hbs generates endpoint" time="0.002218" classname="test"/>
		<testcase name="build.gradle.hbs generates valid gradle" time="0.001334" classname="test"/>
		<testcase name="dataset.xml.hbs generates valid XML" time="0.001286" classname="test"/>
		<testcase name="ErrorSerializer.java.hbs compiles" time="0.001005" classname="test"/>
		<testcase name="PreconditionValidator.java.hbs compiles" time="0.001463" classname="test"/>
	</testsuite>
	<testsuite name="utils" time="0.001909" disabled="0" errors="0" tests="4" failures="0" skipped="0" hostname="MacBook-Pro-de-Seba-3.local">
		<testcase name="computeChecksum produces consistent hex hash" time="0.000817" classname="test"/>
		<testcase name="computeChecksum changes when input changes" time="0.000080" classname="test"/>
		<testcase name="generateVersion returns semver format" time="0.000072" classname="test"/>
		<testcase name="toCamelCase converts column names" time="0.000192" classname="test"/>
	</testsuite>
	<testsuite name="uuid-manifest" time="0.006258" disabled="0" errors="0" tests="4" failures="0" skipped="0" hostname="MacBook-Pro-de-Seba-3.local">
		<testcase name="generates and returns consistent UUIDs" time="0.000737" classname="test"/>
		<testcase name="generates different UUIDs for different keys" time="0.000082" classname="test"/>
		<testcase name="loads and saves manifest to file" time="0.004308" classname="test"/>
		<testcase name="loadManifest returns empty object for missing file" time="0.000352" classname="test"/>
	</testsuite>
	<testsuite name="validateProcesses" time="0.002934" disabled="0" errors="0" tests="10" failures="0" skipped="0" hostname="MacBook-Pro-de-Seba-3.local">
		<testcase name="valid process passes" time="0.000732" classname="test"/>
		<testcase name="process without preconditions fails" time="0.000153" classname="test"/>
		<testcase name="process with &lt; 3 edge cases fails" time="0.000076" classname="test"/>
		<testcase name="step with invalid type fails" time="0.000177" classname="test"/>
		<testcase name="forEach without nested steps fails" time="0.000074" classname="test"/>
		<testcase name="entity reference check with schema" time="0.000066" classname="test"/>
		<testcase name="not transactional fails" time="0.000057" classname="test"/>
		<testcase name="duplicate step names fails" time="0.000143" classname="test"/>
		<testcase name="non-sequential step order fails" time="0.000166" classname="test"/>
		<testcase name="step target referencing unknown entity fails with schema" time="0.000353" classname="test"/>
	</testsuite>
	<testsuite name="validateSchema" time="0.009762" disabled="0" errors="0" tests="23" failures="0" skipped="0" hostname="MacBook-Pro-de-Seba-3.local">
		<testcase name="valid schema passes all levels" time="0.005309" classname="test"/>
		<testcase name="L1: missing window.name" time="0.000225" classname="test"/>
		<testcase name="L1: duplicate field names" time="0.000094" classname="test"/>
		<testcase name="L1: invalid visibility value" time="0.000222" classname="test"/>
		<testcase name="L1: missing version" time="0.000091" classname="test"/>
		<testcase name="L1: missing entities" time="0.000072" classname="test"/>
		<testcase name="L1: duplicate entity names" time="0.000076" classname="test"/>
		<testcase name="L1: invalid entity level" time="0.000158" classname="test"/>
		<testcase name="L1: errors prevent L2+ from running" time="0.000192" classname="test"/>
		<testcase name="L2: primaryEntity references nonexistent entity" time="0.000346" classname="test"/>
		<testcase name="L2: FK field without reference" time="0.000083" classname="test"/>
		<testcase name="L2: parentEntity references nonexistent entity" time="0.000142" classname="test"/>
		<testcase name="L2: parentField missing when parentEntity is set" time="0.000068" classname="test"/>
		<testcase name="L3: system field without derivation" time="0.000082" classname="test"/>
		<testcase name="L3: system field with searchable=true" time="0.000122" classname="test"/>
		<testcase name="L3: system field with grid=true" time="0.000064" classname="test"/>
		<testcase name="L3: fromParent derivation on header entity without parent" time="0.000709" classname="test"/>
		<testcase name="L3: system field in system-columns.json passes without derivation" time="0.000214" classname="test"/>
		<testcase name="L4: searchable field with incompatible type" time="0.000080" classname="test"/>
		<testcase name="L4: system field without derivation, default, or rule emits warning" time="0.000065" classname="test"/>
		<testcase name="L4: system field with kept rule passes" time="0.000082" classname="test"/>
		<testcase name="returns maxLevel=4 when all levels pass" time="0.000043" classname="test"/>
		<testcase name="result structure has errors, warnings, maxLevel" time="0.000049" classname="test"/>
	</testsuite>
	<!-- tests 364 -->
	<!-- suites 65 -->
	<!-- pass 364 -->
	<!-- fail 0 -->
	<!-- cancelled 0 -->
	<!-- skipped 0 -->
	<!-- todo 0 -->
	<!-- duration_ms 413.162 -->
</testsuites>
